2015-11-10 15:26:56 10fc InnoDB: Warning: Using innodb_additional_mem_pool_size is DEPRECATED. This option may be removed in future releases, together with the option innodb_use_sys_malloc and with the InnoDB's internal memory allocator.
2015-11-10 15:26:56 4348 [Note] InnoDB: Using mutexes to ref count buffer pool pages
2015-11-10 15:26:56 4348 [Note] InnoDB: The InnoDB memory heap is disabled
2015-11-10 15:26:56 4348 [Note] InnoDB: Mutexes and rw_locks use Windows interlocked functions
2015-11-10 15:26:56 4348 [Note] InnoDB: Memory barrier is not used
2015-11-10 15:26:56 4348 [Note] InnoDB: Compressed tables use zlib 1.2.3
2015-11-10 15:26:56 4348 [Note] InnoDB: Not using CPU crc32 instructions
2015-11-10 15:26:56 4348 [Note] InnoDB: Initializing buffer pool, size = 16.0M
2015-11-10 15:26:56 4348 [Note] InnoDB: Completed initialization of buffer pool
2015-11-10 15:26:56 4348 [Note] InnoDB: Highest supported file format is Barracuda.
2015-11-10 15:26:57 4348 [Note] InnoDB: 128 rollback segment(s) are active.
2015-11-10 15:26:57 4348 [Note] InnoDB: Waiting for purge to start
2015-11-10 15:26:57 4348 [Note] InnoDB:  Percona XtraDB (http://www.percona.com) 5.6.26-74.0 started; log sequence number 1835027
2015-11-10 15:26:57 6140 [Note] InnoDB: Dumping buffer pool(s) not yet started
2015-11-10 15:26:57 4348 [Note] Plugin 'FEEDBACK' is disabled.
2015-11-10 15:26:57 4348 [Note] Server socket created on IP: '::'.
2015-11-10 15:26:57 4348 [Note] Event Scheduler: Loaded 0 events
2015-11-10 15:26:57 4348 [Note] C:\xampp\mysql\bin\mysqld.exe: ready for connections.
Version: '10.1.8-MariaDB'  socket: ''  port: 3306  mariadb.org binary distribution
2015-11-10 15:27:11 5152 [Note] C:\xampp\mysql\bin\mysqld.exe: Normal shutdown

2015-11-10 15:27:11 5152 [Note] Event Scheduler: Purging the queue. 0 events
2015-11-10 15:27:11 5732 [Note] InnoDB: FTS optimize thread exiting.
2015-11-10 15:27:11 5152 [Note] InnoDB: Starting shutdown...
2015-11-10 15:27:13 5152 [Note] InnoDB: Shutdown completed; log sequence number 1835037
2015-11-10 15:27:13 5152 [Note] C:\xampp\mysql\bin\mysqld.exe: Shutdown complete

2017-10-06 13:21:51 2470 InnoDB: Warning: Using innodb_additional_mem_pool_size is DEPRECATED. This option may be removed in future releases, together with the option innodb_use_sys_malloc and with the InnoDB's internal memory allocator.
2017-10-06 13:21:51 9328 [Note] InnoDB: innodb_empty_free_list_algorithm has been changed to legacy because of small buffer pool size. In order to use backoff, increase buffer pool at least up to 20MB.

2017-10-06 13:21:51 9328 [Note] InnoDB: Using mutexes to ref count buffer pool pages
2017-10-06 13:21:51 9328 [Note] InnoDB: The InnoDB memory heap is disabled
2017-10-06 13:21:51 9328 [Note] InnoDB: Mutexes and rw_locks use Windows interlocked functions
2017-10-06 13:21:51 9328 [Note] InnoDB: _mm_lfence() and _mm_sfence() are used for memory barrier
2017-10-06 13:21:51 9328 [Note] InnoDB: Compressed tables use zlib 1.2.3
2017-10-06 13:21:51 9328 [Note] InnoDB: Using generic crc32 instructions
2017-10-06 13:21:53 9328 [Note] InnoDB: Initializing buffer pool, size = 16.0M
2017-10-06 13:21:53 9328 [Note] InnoDB: Completed initialization of buffer pool
2017-10-06 13:22:02 9328 [Note] InnoDB: Highest supported file format is Barracuda.
2017-10-06 13:22:37 9328 [Note] InnoDB: 128 rollback segment(s) are active.
2017-10-06 13:22:37 9328 [Note] InnoDB: Waiting for purge to start
2017-10-06 13:22:37 9328 [Note] InnoDB:  Percona XtraDB (http://www.percona.com) 5.6.36-82.1 started; log sequence number 1835037
2017-10-06 13:22:43 5408 [Note] InnoDB: Dumping buffer pool(s) not yet started
2017-10-06 13:22:45 9328 [Note] Plugin 'FEEDBACK' is disabled.
2017-10-06 13:22:47 9328 [Note] Server socket created on IP: '::'.
2017-10-06 13:22:59 9328 [Note] c:\xampp\mysql\bin\mysqld.exe: ready for connections.
Version: '10.1.26-MariaDB'  socket: ''  port: 3306  mariadb.org binary distribution
2017-11-10 11:08:32 9bc InnoDB: Warning: Using innodb_additional_mem_pool_size is DEPRECATED. This option may be removed in future releases, together with the option innodb_use_sys_malloc and with the InnoDB's internal memory allocator.
2017-11-10 11:08:32 2492 [Note] InnoDB: innodb_empty_free_list_algorithm has been changed to legacy because of small buffer pool size. In order to use backoff, increase buffer pool at least up to 20MB.

2017-11-10 11:08:32 2492 [Note] InnoDB: Using mutexes to ref count buffer pool pages
2017-11-10 11:08:32 2492 [Note] InnoDB: The InnoDB memory heap is disabled
2017-11-10 11:08:32 2492 [Note] InnoDB: Mutexes and rw_locks use Windows interlocked functions
2017-11-10 11:08:32 2492 [Note] InnoDB: _mm_lfence() and _mm_sfence() are used for memory barrier
2017-11-10 11:08:32 2492 [Note] InnoDB: Compressed tables use zlib 1.2.3
2017-11-10 11:08:32 2492 [Note] InnoDB: Using generic crc32 instructions
2017-11-10 11:08:33 2492 [Note] InnoDB: Initializing buffer pool, size = 16.0M
2017-11-10 11:08:33 2492 [Note] InnoDB: Completed initialization of buffer pool
2017-11-10 11:08:33 2492 [Note] InnoDB: Highest supported file format is Barracuda.
2017-11-10 11:08:33 2492 [Note] InnoDB: The log sequence number 1835037 in ibdata file do not match the log sequence number 1835047 in the ib_logfiles!
2017-11-10 11:08:34 2492 [Note] InnoDB: Restoring possible half-written data pages from the doublewrite buffer...
2017-11-10 11:08:35 2492 [Note] InnoDB: 128 rollback segment(s) are active.
2017-11-10 11:08:35 2492 [Note] InnoDB: Waiting for purge to start
2017-11-10 11:08:35 2492 [Note] InnoDB:  Percona XtraDB (http://www.percona.com) 5.6.36-82.1 started; log sequence number 1835047
2017-11-10 11:08:35 9768 [Note] InnoDB: Dumping buffer pool(s) not yet started
2017-11-10 11:08:36 2492 [Note] Plugin 'FEEDBACK' is disabled.
2017-11-10 11:08:36 2492 [Note] Server socket created on IP: '::'.
2017-11-10 11:08:37 2492 [Note] c:\xampp\mysql\bin\mysqld.exe: ready for connections.
Version: '10.1.26-MariaDB'  socket: ''  port: 3306  mariadb.org binary distribution
2017-11-10 11:11:29 3096 [Warning] InnoDB: Cannot open table labdb/product from the internal data dictionary of InnoDB though the .frm file for the table exists. See http://dev.mysql.com/doc/refman/5.6/en/innodb-troubleshooting.html for how you can resolve the problem.
2017-11-10 11:12:26 4904 [Warning] InnoDB: Cannot open table labdb/product from the internal data dictionary of InnoDB though the .frm file for the table exists. See http://dev.mysql.com/doc/refman/5.6/en/innodb-troubleshooting.html for how you can resolve the problem.
2017-11-10 11:12:37 4904 [Warning] InnoDB: Cannot open table labdb/users from the internal data dictionary of InnoDB though the .frm file for the table exists. See http://dev.mysql.com/doc/refman/5.6/en/innodb-troubleshooting.html for how you can resolve the problem.
2017-11-10 11:12:44 3096 [Warning] InnoDB: Cannot open table labdb/product from the internal data dictionary of InnoDB though the .frm file for the table exists. See http://dev.mysql.com/doc/refman/5.6/en/innodb-troubleshooting.html for how you can resolve the problem.
2017-11-10 11:13:17 3096 [Warning] InnoDB: Cannot open table labdb/product from the internal data dictionary of InnoDB though the .frm file for the table exists. See http://dev.mysql.com/doc/refman/5.6/en/innodb-troubleshooting.html for how you can resolve the problem.
2017-11-10 11:13:17 4904 [Warning] InnoDB: Cannot open table labdb/product from the internal data dictionary of InnoDB though the .frm file for the table exists. See http://dev.mysql.com/doc/refman/5.6/en/innodb-troubleshooting.html for how you can resolve the problem.
2017-11-10 11:13:18 4904 [Warning] InnoDB: Cannot open table labdb/product from the internal data dictionary of InnoDB though the .frm file for the table exists. See http://dev.mysql.com/doc/refman/5.6/en/innodb-troubleshooting.html for how you can resolve the problem.
2017-11-10 11:13:18 3096 [Warning] InnoDB: Cannot open table labdb/product from the internal data dictionary of InnoDB though the .frm file for the table exists. See http://dev.mysql.com/doc/refman/5.6/en/innodb-troubleshooting.html for how you can resolve the problem.
2017-11-10 11:13:18 4904 [Warning] InnoDB: Cannot open table labdb/product from the internal data dictionary of InnoDB though the .frm file for the table exists. See http://dev.mysql.com/doc/refman/5.6/en/innodb-troubleshooting.html for how you can resolve the problem.
2017-11-10 11:13:18 4904 [Warning] InnoDB: Cannot open table labdb/product from the internal data dictionary of InnoDB though the .frm file for the table exists. See http://dev.mysql.com/doc/refman/5.6/en/innodb-troubleshooting.html for how you can resolve the problem.
2017-11-10 11:13:18 4904 [Warning] InnoDB: Cannot open table labdb/product from the internal data dictionary of InnoDB though the .frm file for the table exists. See http://dev.mysql.com/doc/refman/5.6/en/innodb-troubleshooting.html for how you can resolve the problem.
2017-11-10 11:13:18 3096 [Warning] InnoDB: Cannot open table labdb/product from the internal data dictionary of InnoDB though the .frm file for the table exists. See http://dev.mysql.com/doc/refman/5.6/en/innodb-troubleshooting.html for how you can resolve the problem.
2017-11-10 11:13:19 3096 [Warning] InnoDB: Cannot open table labdb/product from the internal data dictionary of InnoDB though the .frm file for the table exists. See http://dev.mysql.com/doc/refman/5.6/en/innodb-troubleshooting.html for how you can resolve the problem.
2017-11-10 11:13:19 3096 [Warning] InnoDB: Cannot open table labdb/product from the internal data dictionary of InnoDB though the .frm file for the table exists. See http://dev.mysql.com/doc/refman/5.6/en/innodb-troubleshooting.html for how you can resolve the problem.
2017-11-10 11:13:19 3096 [Warning] InnoDB: Cannot open table labdb/product from the internal data dictionary of InnoDB though the .frm file for the table exists. See http://dev.mysql.com/doc/refman/5.6/en/innodb-troubleshooting.html for how you can resolve the problem.
2017-11-10 11:13:19 3096 [Warning] InnoDB: Cannot open table labdb/product from the internal data dictionary of InnoDB though the .frm file for the table exists. See http://dev.mysql.com/doc/refman/5.6/en/innodb-troubleshooting.html for how you can resolve the problem.
2017-11-10 11:13:19 3096 [Warning] InnoDB: Cannot open table labdb/product from the internal data dictionary of InnoDB though the .frm file for the table exists. See http://dev.mysql.com/doc/refman/5.6/en/innodb-troubleshooting.html for how you can resolve the problem.
2017-11-10 11:13:20 4904 [Warning] InnoDB: Cannot open table labdb/product from the internal data dictionary of InnoDB though the .frm file for the table exists. See http://dev.mysql.com/doc/refman/5.6/en/innodb-troubleshooting.html for how you can resolve the problem.
2017-11-10 11:13:26 4904 [Warning] InnoDB: Cannot open table labdb/product from the internal data dictionary of InnoDB though the .frm file for the table exists. See http://dev.mysql.com/doc/refman/5.6/en/innodb-troubleshooting.html for how you can resolve the problem.
2017-11-10 11:13:26 4904 [Warning] InnoDB: Cannot open table labdb/product from the internal data dictionary of InnoDB though the .frm file for the table exists. See http://dev.mysql.com/doc/refman/5.6/en/innodb-troubleshooting.html for how you can resolve the problem.
2017-11-10 11:13:26 4904 [Warning] InnoDB: Cannot open table labdb/product from the internal data dictionary of InnoDB though the .frm file for the table exists. See http://dev.mysql.com/doc/refman/5.6/en/innodb-troubleshooting.html for how you can resolve the problem.
2017-11-10 11:13:26 4904 [Warning] InnoDB: Cannot open table labdb/product from the internal data dictionary of InnoDB though the .frm file for the table exists. See http://dev.mysql.com/doc/refman/5.6/en/innodb-troubleshooting.html for how you can resolve the problem.
2017-11-10 11:13:27 4904 [Warning] InnoDB: Cannot open table labdb/product from the internal data dictionary of InnoDB though the .frm file for the table exists. See http://dev.mysql.com/doc/refman/5.6/en/innodb-troubleshooting.html for how you can resolve the problem.
2017-11-10 11:13:27 3096 [Warning] InnoDB: Cannot open table labdb/product from the internal data dictionary of InnoDB though the .frm file for the table exists. See http://dev.mysql.com/doc/refman/5.6/en/innodb-troubleshooting.html for how you can resolve the problem.
2017-11-10 11:13:27 3096 [Warning] InnoDB: Cannot open table labdb/product from the internal data dictionary of InnoDB though the .frm file for the table exists. See http://dev.mysql.com/doc/refman/5.6/en/innodb-troubleshooting.html for how you can resolve the problem.
2017-11-10 11:13:27 4904 [Warning] InnoDB: Cannot open table labdb/product from the internal data dictionary of InnoDB though the .frm file for the table exists. See http://dev.mysql.com/doc/refman/5.6/en/innodb-troubleshooting.html for how you can resolve the problem.
2017-11-10 11:13:27 4904 [Warning] InnoDB: Cannot open table labdb/product from the internal data dictionary of InnoDB though the .frm file for the table exists. See http://dev.mysql.com/doc/refman/5.6/en/innodb-troubleshooting.html for how you can resolve the problem.
2017-11-10 11:13:27 4904 [Warning] InnoDB: Cannot open table labdb/product from the internal data dictionary of InnoDB though the .frm file for the table exists. See http://dev.mysql.com/doc/refman/5.6/en/innodb-troubleshooting.html for how you can resolve the problem.
2017-11-10 11:13:27 3096 [Warning] InnoDB: Cannot open table labdb/product from the internal data dictionary of InnoDB though the .frm file for the table exists. See http://dev.mysql.com/doc/refman/5.6/en/innodb-troubleshooting.html for how you can resolve the problem.
2017-11-10 11:13:27 4904 [Warning] InnoDB: Cannot open table labdb/product from the internal data dictionary of InnoDB though the .frm file for the table exists. See http://dev.mysql.com/doc/refman/5.6/en/innodb-troubleshooting.html for how you can resolve the problem.
2017-11-10 11:13:27 3096 [Warning] InnoDB: Cannot open table labdb/product from the internal data dictionary of InnoDB though the .frm file for the table exists. See http://dev.mysql.com/doc/refman/5.6/en/innodb-troubleshooting.html for how you can resolve the problem.
2017-11-10 11:13:30 4904 [Warning] InnoDB: Cannot open table labdb/product from the internal data dictionary of InnoDB though the .frm file for the table exists. See http://dev.mysql.com/doc/refman/5.6/en/innodb-troubleshooting.html for how you can resolve the problem.
2017-11-10 11:13:32 4904 [Warning] InnoDB: Cannot open table labdb/product from the internal data dictionary of InnoDB though the .frm file for the table exists. See http://dev.mysql.com/doc/refman/5.6/en/innodb-troubleshooting.html for how you can resolve the problem.
2017-11-10 11:13:39 4904 [Warning] InnoDB: Cannot open table labdb/product from the internal data dictionary of InnoDB though the .frm file for the table exists. See http://dev.mysql.com/doc/refman/5.6/en/innodb-troubleshooting.html for how you can resolve the problem.
2017-11-10 11:13:40 3096 [Warning] InnoDB: Cannot open table labdb/product from the internal data dictionary of InnoDB though the .frm file for the table exists. See http://dev.mysql.com/doc/refman/5.6/en/innodb-troubleshooting.html for how you can resolve the problem.
2017-11-10 11:13:40 4904 [Warning] InnoDB: Cannot open table labdb/product from the internal data dictionary of InnoDB though the .frm file for the table exists. See http://dev.mysql.com/doc/refman/5.6/en/innodb-troubleshooting.html for how you can resolve the problem.
2017-11-10 11:13:41 4904 [Warning] InnoDB: Cannot open table labdb/product from the internal data dictionary of InnoDB though the .frm file for the table exists. See http://dev.mysql.com/doc/refman/5.6/en/innodb-troubleshooting.html for how you can resolve the problem.
2017-11-10 11:13:41 4904 [Warning] InnoDB: Cannot open table labdb/users from the internal data dictionary of InnoDB though the .frm file for the table exists. See http://dev.mysql.com/doc/refman/5.6/en/innodb-troubleshooting.html for how you can resolve the problem.
2017-11-10 11:14:11 4904 [Warning] InnoDB: Cannot open table labdb/product from the internal data dictionary of InnoDB though the .frm file for the table exists. See http://dev.mysql.com/doc/refman/5.6/en/innodb-troubleshooting.html for how you can resolve the problem.
2017-11-10 11:14:18 4904 [Warning] InnoDB: Cannot open table labdb/product from the internal data dictionary of InnoDB though the .frm file for the table exists. See http://dev.mysql.com/doc/refman/5.6/en/innodb-troubleshooting.html for how you can resolve the problem.
2017-11-10 11:14:18 4904 [Warning] InnoDB: Cannot open table labdb/product from the internal data dictionary of InnoDB though the .frm file for the table exists. See http://dev.mysql.com/doc/refman/5.6/en/innodb-troubleshooting.html for how you can resolve the problem.
2017-11-10 11:14:18 4904 [Warning] InnoDB: Cannot open table labdb/product from the internal data dictionary of InnoDB though the .frm file for the table exists. See http://dev.mysql.com/doc/refman/5.6/en/innodb-troubleshooting.html for how you can resolve the problem.
2017-11-10 11:14:18 4904 [Warning] InnoDB: Cannot open table labdb/product from the internal data dictionary of InnoDB though the .frm file for the table exists. See http://dev.mysql.com/doc/refman/5.6/en/innodb-troubleshooting.html for how you can resolve the problem.
2017-11-10 11:14:18 4904 [Warning] InnoDB: Cannot open table labdb/product from the internal data dictionary of InnoDB though the .frm file for the table exists. See http://dev.mysql.com/doc/refman/5.6/en/innodb-troubleshooting.html for how you can resolve the problem.
2017-11-10 11:14:18 4904 [Warning] InnoDB: Cannot open table labdb/product from the internal data dictionary of InnoDB though the .frm file for the table exists. See http://dev.mysql.com/doc/refman/5.6/en/innodb-troubleshooting.html for how you can resolve the problem.
2017-11-10 11:14:23 4904 [Warning] InnoDB: Cannot open table labdb/product from the internal data dictionary of InnoDB though the .frm file for the table exists. See http://dev.mysql.com/doc/refman/5.6/en/innodb-troubleshooting.html for how you can resolve the problem.
2017-11-10 11:14:25 4904 [Warning] InnoDB: Cannot open table labdb/product from the internal data dictionary of InnoDB though the .frm file for the table exists. See http://dev.mysql.com/doc/refman/5.6/en/innodb-troubleshooting.html for how you can resolve the problem.
2017-11-10 11:14:25 4904 [Warning] InnoDB: Cannot open table labdb/product from the internal data dictionary of InnoDB though the .frm file for the table exists. See http://dev.mysql.com/doc/refman/5.6/en/innodb-troubleshooting.html for how you can resolve the problem.
2017-11-10 11:14:25 4904 [Warning] InnoDB: Cannot open table labdb/product from the internal data dictionary of InnoDB though the .frm file for the table exists. See http://dev.mysql.com/doc/refman/5.6/en/innodb-troubleshooting.html for how you can resolve the problem.
2017-11-10 11:14:25 4904 [Warning] InnoDB: Cannot open table labdb/product from the internal data dictionary of InnoDB though the .frm file for the table exists. See http://dev.mysql.com/doc/refman/5.6/en/innodb-troubleshooting.html for how you can resolve the problem.
2017-11-10 11:14:25 4904 [Warning] InnoDB: Cannot open table labdb/product from the internal data dictionary of InnoDB though the .frm file for the table exists. See http://dev.mysql.com/doc/refman/5.6/en/innodb-troubleshooting.html for how you can resolve the problem.
2017-11-10 11:14:25 4904 [Warning] InnoDB: Cannot open table labdb/product from the internal data dictionary of InnoDB though the .frm file for the table exists. See http://dev.mysql.com/doc/refman/5.6/en/innodb-troubleshooting.html for how you can resolve the problem.
2017-11-10 11:14:25 4904 [Warning] InnoDB: Cannot open table labdb/product from the internal data dictionary of InnoDB though the .frm file for the table exists. See http://dev.mysql.com/doc/refman/5.6/en/innodb-troubleshooting.html for how you can resolve the problem.
2017-11-10 11:14:25 3096 [Warning] InnoDB: Cannot open table labdb/product from the internal data dictionary of InnoDB though the .frm file for the table exists. See http://dev.mysql.com/doc/refman/5.6/en/innodb-troubleshooting.html for how you can resolve the problem.
2017-11-10 11:14:25 3096 [Warning] InnoDB: Cannot open table labdb/product from the internal data dictionary of InnoDB though the .frm file for the table exists. See http://dev.mysql.com/doc/refman/5.6/en/innodb-troubleshooting.html for how you can resolve the problem.
2017-11-10 11:14:25 3096 [Warning] InnoDB: Cannot open table labdb/product from the internal data dictionary of InnoDB though the .frm file for the table exists. See http://dev.mysql.com/doc/refman/5.6/en/innodb-troubleshooting.html for how you can resolve the problem.
2017-11-10 11:14:25 3096 [Warning] InnoDB: Cannot open table labdb/product from the internal data dictionary of InnoDB though the .frm file for the table exists. See http://dev.mysql.com/doc/refman/5.6/en/innodb-troubleshooting.html for how you can resolve the problem.
2017-11-10 11:14:25 3096 [Warning] InnoDB: Cannot open table labdb/product from the internal data dictionary of InnoDB though the .frm file for the table exists. See http://dev.mysql.com/doc/refman/5.6/en/innodb-troubleshooting.html for how you can resolve the problem.
2017-11-10 11:14:25 3096 [Warning] InnoDB: Cannot open table labdb/product from the internal data dictionary of InnoDB though the .frm file for the table exists. See http://dev.mysql.com/doc/refman/5.6/en/innodb-troubleshooting.html for how you can resolve the problem.
2017-11-10 11:14:33 3096 [Warning] InnoDB: Cannot open table labdb/product from the internal data dictionary of InnoDB though the .frm file for the table exists. See http://dev.mysql.com/doc/refman/5.6/en/innodb-troubleshooting.html for how you can resolve the problem.
2017-11-10 11:14:33 3096 [Warning] InnoDB: Cannot open table labdb/users from the internal data dictionary of InnoDB though the .frm file for the table exists. See http://dev.mysql.com/doc/refman/5.6/en/innodb-troubleshooting.html for how you can resolve the problem.
2017-11-10 11:14:59 3096 [Warning] InnoDB: Cannot open table labdb/product from the internal data dictionary of InnoDB though the .frm file for the table exists. See http://dev.mysql.com/doc/refman/5.6/en/innodb-troubleshooting.html for how you can resolve the problem.
2017-11-10 11:14:59 3096 [Warning] InnoDB: Cannot open table labdb/users from the internal data dictionary of InnoDB though the .frm file for the table exists. See http://dev.mysql.com/doc/refman/5.6/en/innodb-troubleshooting.html for how you can resolve the problem.
2017-11-10 11:15:00 4904 [Warning] InnoDB: Cannot open table labdb/product from the internal data dictionary of InnoDB though the .frm file for the table exists. See http://dev.mysql.com/doc/refman/5.6/en/innodb-troubleshooting.html for how you can resolve the problem.
2017-11-10 11:15:00 4904 [Warning] InnoDB: Cannot open table labdb/users from the internal data dictionary of InnoDB though the .frm file for the table exists. See http://dev.mysql.com/doc/refman/5.6/en/innodb-troubleshooting.html for how you can resolve the problem.
2017-11-10 11:15:03 3096 [Warning] InnoDB: Cannot open table labdb/product from the internal data dictionary of InnoDB though the .frm file for the table exists. See http://dev.mysql.com/doc/refman/5.6/en/innodb-troubleshooting.html for how you can resolve the problem.
2017-11-10 11:15:03 3096 [Warning] InnoDB: Cannot open table labdb/users from the internal data dictionary of InnoDB though the .frm file for the table exists. See http://dev.mysql.com/doc/refman/5.6/en/innodb-troubleshooting.html for how you can resolve the problem.
2017-11-10 11:15:07 3096 [Warning] InnoDB: Cannot open table labdb/product from the internal data dictionary of InnoDB though the .frm file for the table exists. See http://dev.mysql.com/doc/refman/5.6/en/innodb-troubleshooting.html for how you can resolve the problem.
2017-11-10 11:15:07 3096 [Warning] InnoDB: Cannot open table labdb/users from the internal data dictionary of InnoDB though the .frm file for the table exists. See http://dev.mysql.com/doc/refman/5.6/en/innodb-troubleshooting.html for how you can resolve the problem.
2017-11-10 11:15:08 3096 [Warning] InnoDB: Cannot open table labdb/product from the internal data dictionary of InnoDB though the .frm file for the table exists. See http://dev.mysql.com/doc/refman/5.6/en/innodb-troubleshooting.html for how you can resolve the problem.
2017-11-10 11:15:08 4904 [Warning] InnoDB: Cannot open table labdb/users from the internal data dictionary of InnoDB though the .frm file for the table exists. See http://dev.mysql.com/doc/refman/5.6/en/innodb-troubleshooting.html for how you can resolve the problem.
2017-11-10 11:15:38 3096 [Warning] InnoDB: Cannot open table labdb/product from the internal data dictionary of InnoDB though the .frm file for the table exists. See http://dev.mysql.com/doc/refman/5.6/en/innodb-troubleshooting.html for how you can resolve the problem.
2017-11-10 11:15:38 3096 [Warning] InnoDB: Cannot open table labdb/users from the internal data dictionary of InnoDB though the .frm file for the table exists. See http://dev.mysql.com/doc/refman/5.6/en/innodb-troubleshooting.html for how you can resolve the problem.
2017-11-10 11:15:45 3096 [Warning] InnoDB: Cannot open table labdb/product from the internal data dictionary of InnoDB though the .frm file for the table exists. See http://dev.mysql.com/doc/refman/5.6/en/innodb-troubleshooting.html for how you can resolve the problem.
2017-11-10 11:15:45 3096 [Warning] InnoDB: Cannot open table labdb/users from the internal data dictionary of InnoDB though the .frm file for the table exists. See http://dev.mysql.com/doc/refman/5.6/en/innodb-troubleshooting.html for how you can resolve the problem.
2017-11-10 11:16:24 3096 [ERROR] Incorrect definition of table mysql.column_stats: expected column 'min_value' at position 3 to have type varbinary(255), found type varchar(255).
2017-11-10 11:16:24 3096 [ERROR] Incorrect definition of table mysql.column_stats: expected column 'max_value' at position 4 to have type varbinary(255), found type varchar(255).
2017-11-10 11:16:24 3096 [ERROR] Incorrect definition of table mysql.column_stats: expected column 'min_value' at position 3 to have type varbinary(255), found type varchar(255).
2017-11-10 11:16:24 3096 [ERROR] Incorrect definition of table mysql.column_stats: expected column 'max_value' at position 4 to have type varbinary(255), found type varchar(255).
2017-11-10 11:16:24 c18  InnoDB: Error: table `labdb`.`product` does not exist in the InnoDB internal
InnoDB: data dictionary though MySQL is trying to drop it.
InnoDB: Have you copied the .frm file of the table to the
InnoDB: MySQL database directory from another database?
InnoDB: You can look for further help from
InnoDB: http://dev.mysql.com/doc/refman/5.6/en/innodb-troubleshooting.html
2017-11-10 11:16:24 c18  InnoDB: Error: table `labdb`.`users` does not exist in the InnoDB internal
InnoDB: data dictionary though MySQL is trying to drop it.
InnoDB: Have you copied the .frm file of the table to the
InnoDB: MySQL database directory from another database?
InnoDB: You can look for further help from
InnoDB: http://dev.mysql.com/doc/refman/5.6/en/innodb-troubleshooting.html
2017-11-10 11:21:03 3096 [ERROR] Incorrect definition of table mysql.column_stats: expected column 'min_value' at position 3 to have type varbinary(255), found type varchar(255).
2017-11-10 11:21:04 3096 [ERROR] Incorrect definition of table mysql.column_stats: expected column 'max_value' at position 4 to have type varbinary(255), found type varchar(255).
2017-11-10 11:51:18 24f0 InnoDB: Warning: Using innodb_additional_mem_pool_size is DEPRECATED. This option may be removed in future releases, together with the option innodb_use_sys_malloc and with the InnoDB's internal memory allocator.
2017-11-10 11:51:18 9456 [Note] InnoDB: innodb_empty_free_list_algorithm has been changed to legacy because of small buffer pool size. In order to use backoff, increase buffer pool at least up to 20MB.

2017-11-10 11:51:18 9456 [Note] InnoDB: Using mutexes to ref count buffer pool pages
2017-11-10 11:51:18 9456 [Note] InnoDB: The InnoDB memory heap is disabled
2017-11-10 11:51:18 9456 [Note] InnoDB: Mutexes and rw_locks use Windows interlocked functions
2017-11-10 11:51:18 9456 [Note] InnoDB: _mm_lfence() and _mm_sfence() are used for memory barrier
2017-11-10 11:51:18 9456 [Note] InnoDB: Compressed tables use zlib 1.2.3
2017-11-10 11:51:18 9456 [Note] InnoDB: Using generic crc32 instructions
2017-11-10 11:51:18 9456 [Note] InnoDB: Initializing buffer pool, size = 16.0M
2017-11-10 11:51:18 9456 [Note] InnoDB: Completed initialization of buffer pool
2017-11-10 11:51:18 9456 [Note] InnoDB: Highest supported file format is Barracuda.
2017-11-10 11:51:18 9456 [Note] InnoDB: The log sequence number 1835037 in ibdata file do not match the log sequence number 2035045 in the ib_logfiles!
2017-11-10 11:51:18 9456 [Note] InnoDB: Restoring possible half-written data pages from the doublewrite buffer...
2017-11-10 11:51:20 9456 [Note] InnoDB: 128 rollback segment(s) are active.
2017-11-10 11:51:20 9456 [Note] InnoDB: Waiting for purge to start
2017-11-10 11:51:20 9456 [Note] InnoDB:  Percona XtraDB (http://www.percona.com) 5.6.36-82.1 started; log sequence number 2035045
2017-11-10 11:51:20 6132 [Note] InnoDB: Dumping buffer pool(s) not yet started
2017-11-10 11:51:20 9456 [Note] Plugin 'FEEDBACK' is disabled.
2017-11-10 11:51:20 9456 [Note] Server socket created on IP: '::'.
2017-11-10 11:51:21 9456 [Note] c:\xampp\mysql\bin\mysqld.exe: ready for connections.
Version: '10.1.26-MariaDB'  socket: ''  port: 3306  mariadb.org binary distribution
2017-11-10 13:44:05 1b74 InnoDB: Warning: Using innodb_additional_mem_pool_size is DEPRECATED. This option may be removed in future releases, together with the option innodb_use_sys_malloc and with the InnoDB's internal memory allocator.
2017-11-10 13:44:05 7028 [Note] InnoDB: innodb_empty_free_list_algorithm has been changed to legacy because of small buffer pool size. In order to use backoff, increase buffer pool at least up to 20MB.

2017-11-10 13:44:05 7028 [Note] InnoDB: Using mutexes to ref count buffer pool pages
2017-11-10 13:44:05 7028 [Note] InnoDB: The InnoDB memory heap is disabled
2017-11-10 13:44:05 7028 [Note] InnoDB: Mutexes and rw_locks use Windows interlocked functions
2017-11-10 13:44:05 7028 [Note] InnoDB: _mm_lfence() and _mm_sfence() are used for memory barrier
2017-11-10 13:44:05 7028 [Note] InnoDB: Compressed tables use zlib 1.2.3
2017-11-10 13:44:05 7028 [Note] InnoDB: Using generic crc32 instructions
2017-11-10 13:44:05 7028 [Note] InnoDB: Initializing buffer pool, size = 16.0M
2017-11-10 13:44:05 7028 [Note] InnoDB: Completed initialization of buffer pool
2017-11-10 13:44:05 7028 [Note] InnoDB: Highest supported file format is Barracuda.
2017-11-10 13:44:05 7028 [Note] InnoDB: The log sequence number 1835037 in ibdata file do not match the log sequence number 2117679 in the ib_logfiles!
2017-11-10 13:44:06 7028 [Note] InnoDB: Restoring possible half-written data pages from the doublewrite buffer...
2017-11-10 13:44:07 7028 [Note] InnoDB: 128 rollback segment(s) are active.
2017-11-10 13:44:07 7028 [Note] InnoDB: Waiting for purge to start
2017-11-10 13:44:07 7028 [Note] InnoDB:  Percona XtraDB (http://www.percona.com) 5.6.36-82.1 started; log sequence number 2117679
2017-11-10 13:44:07 7028 [Note] Plugin 'FEEDBACK' is disabled.
2017-11-10 13:44:07 7028 [Note] Server socket created on IP: '::'.
2017-11-10 13:44:07 8996 [Note] InnoDB: Dumping buffer pool(s) not yet started
2017-11-10 13:44:08 7028 [Note] c:\xampp\mysql\bin\mysqld.exe: ready for connections.
Version: '10.1.26-MariaDB'  socket: ''  port: 3306  mariadb.org binary distribution
2017-11-17 13:20:59 2788 InnoDB: Warning: Using innodb_additional_mem_pool_size is DEPRECATED. This option may be removed in future releases, together with the option innodb_use_sys_malloc and with the InnoDB's internal memory allocator.
2017-11-17 13:20:59 10120 [Note] InnoDB: innodb_empty_free_list_algorithm has been changed to legacy because of small buffer pool size. In order to use backoff, increase buffer pool at least up to 20MB.

2017-11-17 13:20:59 10120 [Note] InnoDB: Using mutexes to ref count buffer pool pages
2017-11-17 13:20:59 10120 [Note] InnoDB: The InnoDB memory heap is disabled
2017-11-17 13:20:59 10120 [Note] InnoDB: Mutexes and rw_locks use Windows interlocked functions
2017-11-17 13:20:59 10120 [Note] InnoDB: _mm_lfence() and _mm_sfence() are used for memory barrier
2017-11-17 13:20:59 10120 [Note] InnoDB: Compressed tables use zlib 1.2.3
2017-11-17 13:20:59 10120 [Note] InnoDB: Using generic crc32 instructions
2017-11-17 13:20:59 10120 [Note] InnoDB: Initializing buffer pool, size = 16.0M
2017-11-17 13:20:59 10120 [Note] InnoDB: Completed initialization of buffer pool
2017-11-17 13:20:59 10120 [Note] InnoDB: Highest supported file format is Barracuda.
2017-11-17 13:20:59 10120 [Note] InnoDB: The log sequence number 1835037 in ibdata file do not match the log sequence number 2166402 in the ib_logfiles!
2017-11-17 13:21:00 10120 [Note] InnoDB: Restoring possible half-written data pages from the doublewrite buffer...
2017-11-17 13:21:01 10120 [Note] InnoDB: 128 rollback segment(s) are active.
2017-11-17 13:21:01 10120 [Note] InnoDB: Waiting for purge to start
2017-11-17 13:21:02 10120 [Note] InnoDB:  Percona XtraDB (http://www.percona.com) 5.6.36-82.1 started; log sequence number 2166402
2017-11-17 13:21:02 6532 [Note] InnoDB: Dumping buffer pool(s) not yet started
2017-11-17 13:21:03 10120 [Note] Plugin 'FEEDBACK' is disabled.
2017-11-17 13:21:03 10120 [Note] Server socket created on IP: '::'.
2017-11-17 13:21:05 10120 [Note] c:\xampp\mysql\bin\mysqld.exe: ready for connections.
Version: '10.1.26-MariaDB'  socket: ''  port: 3306  mariadb.org binary distribution
2017-11-19 20:42:38 3a74 InnoDB: Warning: Using innodb_additional_mem_pool_size is DEPRECATED. This option may be removed in future releases, together with the option innodb_use_sys_malloc and with the InnoDB's internal memory allocator.
2017-11-19 20:42:38 14964 [Note] InnoDB: innodb_empty_free_list_algorithm has been changed to legacy because of small buffer pool size. In order to use backoff, increase buffer pool at least up to 20MB.

2017-11-19 20:42:38 14964 [Note] InnoDB: Using mutexes to ref count buffer pool pages
2017-11-19 20:42:38 14964 [Note] InnoDB: The InnoDB memory heap is disabled
2017-11-19 20:42:38 14964 [Note] InnoDB: Mutexes and rw_locks use Windows interlocked functions
2017-11-19 20:42:38 14964 [Note] InnoDB: _mm_lfence() and _mm_sfence() are used for memory barrier
2017-11-19 20:42:38 14964 [Note] InnoDB: Compressed tables use zlib 1.2.3
2017-11-19 20:42:38 14964 [Note] InnoDB: Using generic crc32 instructions
2017-11-19 20:42:38 14964 [Note] InnoDB: Initializing buffer pool, size = 16.0M
2017-11-19 20:42:38 14964 [Note] InnoDB: Completed initialization of buffer pool
2017-11-19 20:42:38 14964 [Note] InnoDB: Highest supported file format is Barracuda.
2017-11-19 20:42:38 14964 [Note] InnoDB: The log sequence number 1835037 in ibdata file do not match the log sequence number 2215251 in the ib_logfiles!
2017-11-19 20:42:39 14964 [Note] InnoDB: Restoring possible half-written data pages from the doublewrite buffer...
2017-11-19 20:42:39 14964 [Note] InnoDB: 128 rollback segment(s) are active.
2017-11-19 20:42:39 14964 [Note] InnoDB: Waiting for purge to start
2017-11-19 20:42:39 14964 [Note] InnoDB:  Percona XtraDB (http://www.percona.com) 5.6.36-82.1 started; log sequence number 2215251
2017-11-19 20:42:39 1536 [Note] InnoDB: Dumping buffer pool(s) not yet started
2017-11-19 20:42:39 14964 [Note] Plugin 'FEEDBACK' is disabled.
2017-11-19 20:42:39 14964 [Note] Server socket created on IP: '::'.
2017-11-19 20:42:39 14964 [Note] c:\xampp\mysql\bin\mysqld.exe: ready for connections.
Version: '10.1.26-MariaDB'  socket: ''  port: 3306  mariadb.org binary distribution
2017-11-20 20:27:55 280c InnoDB: Warning: Using innodb_additional_mem_pool_size is DEPRECATED. This option may be removed in future releases, together with the option innodb_use_sys_malloc and with the InnoDB's internal memory allocator.
2017-11-20 20:27:55 10252 [Note] InnoDB: innodb_empty_free_list_algorithm has been changed to legacy because of small buffer pool size. In order to use backoff, increase buffer pool at least up to 20MB.

2017-11-20 20:27:55 10252 [Note] InnoDB: Using mutexes to ref count buffer pool pages
2017-11-20 20:27:55 10252 [Note] InnoDB: The InnoDB memory heap is disabled
2017-11-20 20:27:55 10252 [Note] InnoDB: Mutexes and rw_locks use Windows interlocked functions
2017-11-20 20:27:55 10252 [Note] InnoDB: _mm_lfence() and _mm_sfence() are used for memory barrier
2017-11-20 20:27:55 10252 [Note] InnoDB: Compressed tables use zlib 1.2.3
2017-11-20 20:27:55 10252 [Note] InnoDB: Using generic crc32 instructions
2017-11-20 20:27:55 10252 [Note] InnoDB: Initializing buffer pool, size = 16.0M
2017-11-20 20:27:55 10252 [Note] InnoDB: Completed initialization of buffer pool
2017-11-20 20:27:55 10252 [Note] InnoDB: Highest supported file format is Barracuda.
2017-11-20 20:27:55 10252 [Note] InnoDB: The log sequence number 1835037 in ibdata file do not match the log sequence number 2215413 in the ib_logfiles!
2017-11-20 20:27:55 10252 [Note] InnoDB: Restoring possible half-written data pages from the doublewrite buffer...
2017-11-20 20:27:55 10252 [Note] InnoDB: 128 rollback segment(s) are active.
2017-11-20 20:27:55 10252 [Note] InnoDB: Waiting for purge to start
2017-11-20 20:27:56 10252 [Note] InnoDB:  Percona XtraDB (http://www.percona.com) 5.6.36-82.1 started; log sequence number 2215413
2017-11-20 20:27:56 9852 [Note] InnoDB: Dumping buffer pool(s) not yet started
2017-11-20 20:27:56 10252 [Note] Plugin 'FEEDBACK' is disabled.
2017-11-20 20:27:56 10252 [Note] Server socket created on IP: '::'.
2017-11-20 20:27:56 10252 [Note] c:\xampp\mysql\bin\mysqld.exe: ready for connections.
Version: '10.1.26-MariaDB'  socket: ''  port: 3306  mariadb.org binary distribution
